>>>>>>> Start Time: Thursday, Feb 28, 2008    03:52:20 PM


File being sourced : c:/docume~1/admini~1/locals~1/temp/test.tcl



  RFC2889 Address Rate test
  Copyright © 1997 - 2005 by IXIA
  All Rights Reserved.
  ............................................


ixos 4.10.250.4 EA
IxRouter 4.10.3.83
IxScriptMate 5.20.GA

Connecting to Chassis 1: 172.16.1.251 ...
map add 1 12 1 1 12 2
map add 1 12 1 1 12 3
map add 1 12 1 1 12 4

Configuring all ports ...
Setting Port speeds, modes and addresses...
logout map {{{1 12 1}} {{1 12 2} {1 12 3} {1 12 4}}}
logout setDirName C:/Program Files/Ixia/TclScripts/lib/Scriptmate/Results/RFC 2889.resDir/Address Rate.resDir/test.res/Run0003.res
Putting ports into loopback.
Getting ports out of loopback.

===== RFC 2889 Address Learning Rate Test, Protocol: MAC =====
Checking link states on ports ...
Links on all ports are up.
logout startRealTime
logout openProgressMeter
******* TRIAL 1 - RFC 2889 Address Learning Rate Test *******
logout marker  -- Trial:1 FS:64 --
Assigning incrementing addresses on all ports ...
1.12.1 ====>  MAC: 00 0c 01 00 00 00
1.12.2 ====>  MAC: 00 0c 01 00 00 01
1.12.3 ====>  MAC: 00 0c 01 00 15 56
1.12.4 ====>  MAC: 00 0c 01 00 2a ab

ITERATION 1, framesize: 64, RFC 2889 Address Learning Rate Test --> Sending learn frames at 148810 fps/port
Configuring learn frames ...
Resetting Statistics ...
Sending learning frames to all ports...
Done after 1 seconds.

Learning frames sent...
Learning phase complete - sending validation frames
Configuring 1.12.1 -> 1.12.2, number of addresses: 5461.
Configuring 1.12.1 -> 1.12.3, number of addresses: 5461.
Configuring 1.12.1 -> 1.12.4, number of addresses: 5461.
Transmitting frames for 1 seconds
Done after 1 seconds.

Waiting for Residual frames to settle down for 2 seconds
Waited for 1 of 2 seconds
Waited for 2 of 2 seconds
Collecting transmit statistics ...
1.12.1:  Total frames transmitted: 163830
Collecting statUserDefinedStat1 statistics ...
Collecting statUserDefinedStat2 statistics ...
Aging out address table for 30 seconds

Putting ports into loopback.
Getting ports out of loopback.
Saving results for Trial 1 ...


RFC 2889 Address Learning Rate Test - MAC(Ethernet Type 08 00) --> Framesize: 64
PortId       LearnRate(fps)  
*****************************
1.12.1       446430              
*****************************
TotalTxFrames    = 163830      
TotalRxFrames    = 163830      
TableSize        = 16383       



******* TRIAL 1 - RFC 2889 Address Learning Rate Test *******
logout marker  -- Trial:1 FS:128 --
Assigning incrementing addresses on all ports ...
1.12.1 ====>  MAC: 00 0c 01 00 00 00
1.12.2 ====>  MAC: 00 0c 01 00 00 01
1.12.3 ====>  MAC: 00 0c 01 00 15 56
1.12.4 ====>  MAC: 00 0c 01 00 2a ab

ITERATION 1, framesize: 128, RFC 2889 Address Learning Rate Test --> Sending learn frames at 84459 fps/port
Configuring learn frames ...
Resetting Statistics ...
Sending learning frames to all ports...
Done after 1 seconds.

Learning frames sent...
Learning phase complete - sending validation frames
Configuring 1.12.1 -> 1.12.2, number of addresses: 5461.
Configuring 1.12.1 -> 1.12.3, number of addresses: 5461.
Configuring 1.12.1 -> 1.12.4, number of addresses: 5461.
Transmitting frames for 1 seconds
Done after 1 seconds.

Waiting for Residual frames to settle down for 2 seconds
Waited for 1 of 2 seconds
Waited for 2 of 2 seconds
Collecting transmit statistics ...
1.12.1:  Total frames transmitted: 163830
Collecting statUserDefinedStat1 statistics ...
Collecting statUserDefinedStat2 statistics ...
Aging out address table for 30 seconds

Putting ports into loopback.
Getting ports out of loopback.
Saving results for Trial 1 ...


RFC 2889 Address Learning Rate Test - MAC(Ethernet Type 08 00) --> Framesize: 128
PortId       LearnRate(fps)  
*****************************
1.12.1       253377              
*****************************
TotalTxFrames    = 163830      
TotalRxFrames    = 163830      
TableSize        = 16383       



******* TRIAL 1 - RFC 2889 Address Learning Rate Test *******
logout marker  -- Trial:1 FS:256 --
Assigning incrementing addresses on all ports ...
1.12.1 ====>  MAC: 00 0c 01 00 00 00
1.12.2 ====>  MAC: 00 0c 01 00 00 01
1.12.3 ====>  MAC: 00 0c 01 00 15 56
1.12.4 ====>  MAC: 00 0c 01 00 2a ab

ITERATION 1, framesize: 256, RFC 2889 Address Learning Rate Test --> Sending learn frames at 45290 fps/port
Configuring learn frames ...
Resetting Statistics ...
Sending learning frames to all ports...
Done after 1 seconds.

Learning frames sent...
Learning phase complete - sending validation frames
Configuring 1.12.1 -> 1.12.2, number of addresses: 5461.
Configuring 1.12.1 -> 1.12.3, number of addresses: 5461.
Configuring 1.12.1 -> 1.12.4, number of addresses: 5461.
Transmitting frames for 3 seconds
logout setProgressMeter 0.333333333333
logout setProgressMeter 0.666666666667
logout setProgressMeter 1.0
Done after 3 seconds.

Waiting for Residual frames to settle down for 2 seconds
Waited for 1 of 2 seconds
Waited for 2 of 2 seconds
Collecting transmit statistics ...
1.12.1:  Total frames transmitted: 163830
Collecting statUserDefinedStat1 statistics ...
Collecting statUserDefinedStat2 statistics ...
Aging out address table for 30 seconds

Putting ports into loopback.
Getting ports out of loopback.
Saving results for Trial 1 ...


RFC 2889 Address Learning Rate Test - MAC(Ethernet Type 08 00) --> Framesize: 256
PortId       LearnRate(fps)  
*****************************
1.12.1       135870              
*****************************
TotalTxFrames    = 163830      
TotalRxFrames    = 163830      
TableSize        = 16383       



******* TRIAL 1 - RFC 2889 Address Learning Rate Test *******
logout marker  -- Trial:1 FS:512 --
Assigning incrementing addresses on all ports ...
1.12.1 ====>  MAC: 00 0c 01 00 00 00
1.12.2 ====>  MAC: 00 0c 01 00 00 01
1.12.3 ====>  MAC: 00 0c 01 00 15 56
1.12.4 ====>  MAC: 00 0c 01 00 2a ab

ITERATION 1, framesize: 512, RFC 2889 Address Learning Rate Test --> Sending learn frames at 23496 fps/port
Configuring learn frames ...
Resetting Statistics ...
Sending learning frames to all ports...
Done after 1 seconds.

Learning frames sent...
Learning phase complete - sending validation frames
Configuring 1.12.1 -> 1.12.2, number of addresses: 5461.
Configuring 1.12.1 -> 1.12.3, number of addresses: 5461.
Configuring 1.12.1 -> 1.12.4, number of addresses: 5461.
Transmitting frames for 6 seconds
logout setProgressMeter 0.166666666667
logout setProgressMeter 0.333333333333
logout setProgressMeter 0.5
logout setProgressMeter 0.666666666667
logout setProgressMeter 0.833333333333
logout setProgressMeter 1.0
Done after 6 seconds.

Waiting for Residual frames to settle down for 2 seconds
Waited for 1 of 2 seconds
Waited for 2 of 2 seconds
Collecting transmit statistics ...
1.12.1:  Total frames transmitted: 163830
Collecting statUserDefinedStat1 statistics ...
Collecting statUserDefinedStat2 statistics ...
Aging out address table for 30 seconds

Putting ports into loopback.
Getting ports out of loopback.
Saving results for Trial 1 ...


RFC 2889 Address Learning Rate Test - MAC(Ethernet Type 08 00) --> Framesize: 512
PortId       LearnRate(fps)  
*****************************
1.12.1       70488               
*****************************
TotalTxFrames    = 163830      
TotalRxFrames    = 163830      
TableSize        = 16383       



******* TRIAL 1 - RFC 2889 Address Learning Rate Test *******
logout marker  -- Trial:1 FS:1024 --
Assigning incrementing addresses on all ports ...
1.12.1 ====>  MAC: 00 0c 01 00 00 00
1.12.2 ====>  MAC: 00 0c 01 00 00 01
1.12.3 ====>  MAC: 00 0c 01 00 15 56
1.12.4 ====>  MAC: 00 0c 01 00 2a ab

ITERATION 1, framesize: 1024, RFC 2889 Address Learning Rate Test --> Sending learn frames at 11973 fps/port
Configuring learn frames ...
Resetting Statistics ...
Sending learning frames to all ports...
Done after 1 seconds.

Learning frames sent...
Learning phase complete - sending validation frames
Configuring 1.12.1 -> 1.12.2, number of addresses: 5461.
Configuring 1.12.1 -> 1.12.3, number of addresses: 5461.
Configuring 1.12.1 -> 1.12.4, number of addresses: 5461.
Transmitting frames for 13 seconds
logout setProgressMeter 0.0769230769231
logout setProgressMeter 0.153846153846
logout setProgressMeter 0.230769230769
logout setProgressMeter 0.307692307692
logout setProgressMeter 0.384615384615
logout setProgressMeter 0.461538461538
logout setProgressMeter 0.538461538462
logout setProgressMeter 0.615384615385
logout setProgressMeter 0.692307692308
logout setProgressMeter 0.769230769231
logout setProgressMeter 0.846153846154
logout setProgressMeter 0.923076923077
logout setProgressMeter 1.0
Done after 13 seconds.

Waiting for Residual frames to settle down for 2 seconds
Waited for 1 of 2 seconds
Waited for 2 of 2 seconds
Collecting transmit statistics ...
1.12.1:  Total frames transmitted: 163830
Collecting statUserDefinedStat1 statistics ...
Collecting statUserDefinedStat2 statistics ...
Aging out address table for 30 seconds

Putting ports into loopback.
Getting ports out of loopback.
Saving results for Trial 1 ...


RFC 2889 Address Learning Rate Test - MAC(Ethernet Type 08 00) --> Framesize: 1024
PortId       LearnRate(fps)  
*****************************
1.12.1       35919               
*****************************
TotalTxFrames    = 163830      
TotalRxFrames    = 163830      
TableSize        = 16383       



******* TRIAL 1 - RFC 2889 Address Learning Rate Test *******
logout marker  -- Trial:1 FS:1280 --
Assigning incrementing addresses on all ports ...
1.12.1 ====>  MAC: 00 0c 01 00 00 00
1.12.2 ====>  MAC: 00 0c 01 00 00 01
1.12.3 ====>  MAC: 00 0c 01 00 15 56
1.12.4 ====>  MAC: 00 0c 01 00 2a ab

ITERATION 1, framesize: 1280, RFC 2889 Address Learning Rate Test --> Sending learn frames at 9615 fps/port
Configuring learn frames ...
Resetting Statistics ...
Sending learning frames to all ports...
Done after 1 seconds.

Learning frames sent...
Learning phase complete - sending validation frames
Configuring 1.12.1 -> 1.12.2, number of addresses: 5461.
Configuring 1.12.1 -> 1.12.3, number of addresses: 5461.
Configuring 1.12.1 -> 1.12.4, number of addresses: 5461.
Transmitting frames for 17 seconds
logout setProgressMeter 0.0588235294118
logout setProgressMeter 0.117647058824
logout setProgressMeter 0.176470588235
logout setProgressMeter 0.235294117647
logout setProgressMeter 0.294117647059
logout setProgressMeter 0.352941176471
logout setProgressMeter 0.411764705882
logout setProgressMeter 0.470588235294
logout setProgressMeter 0.529411764706
logout setProgressMeter 0.588235294118
logout setProgressMeter 0.647058823529
logout setProgressMeter 0.705882352941
logout setProgressMeter 0.764705882353
logout setProgressMeter 0.823529411765
logout setProgressMeter 0.882352941176
logout setProgressMeter 0.941176470588
logout setProgressMeter 1.0
Done after 17 seconds.

Waiting for Residual frames to settle down for 2 seconds
Waited for 1 of 2 seconds
Waited for 2 of 2 seconds
Collecting transmit statistics ...
1.12.1:  Total frames transmitted: 163830
Collecting statUserDefinedStat1 statistics ...
Collecting statUserDefinedStat2 statistics ...
Aging out address table for 30 seconds

Putting ports into loopback.
Getting ports out of loopback.
Saving results for Trial 1 ...


RFC 2889 Address Learning Rate Test - MAC(Ethernet Type 08 00) --> Framesize: 1280
PortId       LearnRate(fps)  
*****************************
1.12.1       28845               
*****************************
TotalTxFrames    = 163830      
TotalRxFrames    = 163830      
TableSize        = 16383       



******* TRIAL 1 - RFC 2889 Address Learning Rate Test *******
logout marker  -- Trial:1 FS:1518 --
Assigning incrementing addresses on all ports ...
1.12.1 ====>  MAC: 00 0c 01 00 00 00
1.12.2 ====>  MAC: 00 0c 01 00 00 01
1.12.3 ====>  MAC: 00 0c 01 00 15 56
1.12.4 ====>  MAC: 00 0c 01 00 2a ab

ITERATION 1, framesize: 1518, RFC 2889 Address Learning Rate Test --> Sending learn frames at 8127 fps/port
Configuring learn frames ...
Resetting Statistics ...
Sending learning frames to all ports...
Done after 1 seconds.

Learning frames sent...
Learning phase complete - sending validation frames
Configuring 1.12.1 -> 1.12.2, number of addresses: 5461.
Configuring 1.12.1 -> 1.12.3, number of addresses: 5461.
Configuring 1.12.1 -> 1.12.4, number of addresses: 5461.
Transmitting frames for 20 seconds
logout setProgressMeter 0.05
logout setProgressMeter 0.1
logout setProgressMeter 0.15
logout setProgressMeter 0.2
logout setProgressMeter 0.25
logout setProgressMeter 0.3
logout setProgressMeter 0.35
logout setProgressMeter 0.4
logout setProgressMeter 0.45
logout setProgressMeter 0.5
logout setProgressMeter 0.55
logout setProgressMeter 0.6
logout setProgressMeter 0.65
logout setProgressMeter 0.7
logout setProgressMeter 0.75
logout setProgressMeter 0.8
logout setProgressMeter 0.85
logout setProgressMeter 0.9
logout setProgressMeter 0.95
logout setProgressMeter 1.0
Done after 20 seconds.

Waiting for Residual frames to settle down for 2 seconds
Waited for 1 of 2 seconds
Waited for 2 of 2 seconds
Collecting transmit statistics ...
1.12.1:  Total frames transmitted: 163830
Collecting statUserDefinedStat1 statistics ...
Collecting statUserDefinedStat2 statistics ...
Aging out address table for 30 seconds

Putting ports into loopback.
Getting ports out of loopback.
Saving results for Trial 1 ...


RFC 2889 Address Learning Rate Test - MAC(Ethernet Type 08 00) --> Framesize: 1518
PortId       LearnRate(fps)  
*****************************
1.12.1       24381               
*****************************
TotalTxFrames    = 163830      
TotalRxFrames    = 163830      
TableSize        = 16383       



logout stopRealTime
logout closeProgressMeter
***************************************
*** PASS Criteria Evaluation

*** # Of Trials Passed: N/A
***************************************
logout saveRealTime C:/Program Files/Ixia/TclScripts/lib/Scriptmate/Results/RFC 2889.resDir/Address Rate.resDir/test.res/Run0003.res/RealTime.csv

>>>>>>> End Time: Thursday, Feb 28, 2008    03:59:58 PM
Actual Duration of Test: 00:07:38 seconds
